got a direct path <pre></pre> from browser ai17872.ai.rug.nl
got a direct path <pre></pre> from browser ai17872.ai.rug.nl
got a direct path <pre></pre> from browser ai17872.ai.rug.nl
got a direct path <pre></pre> from browser ai17872.ai.rug.nl
got a direct path <pre></pre> from browser ai17872.ai.rug.nl
got a direct path <pre></pre> from browser ai17872.ai.rug.nl
got a direct path <pre></pre> from browser ai17872.ai.rug.nl
got a direct path <pre></pre> from browser ai17872.ai.rug.nl
got a direct path <pre></pre> from browser ai17872.ai.rug.nl
got a direct path <pre></pre> from browser ai17872.ai.rug.nl
got a direct path <pre></pre> from browser ai17872.ai.rug.nl
got a direct path <pre></pre> from browser ai17872.ai.rug.nl
got a direct path <pre></pre> from browser ai17872.ai.rug.nl
got a direct path <pre></pre> from browser ai17872.ai.rug.nl
got a direct path <pre></pre> from browser ai17872.ai.rug.nl
got a direct path <pre></pre> from browser ai17872.ai.rug.nl
got a direct path <pre></pre> from browser ai17872.ai.rug.nl
got a direct path <pre></pre> from browser ai17872.ai.rug.nl
got a direct path <pre>aap-noot-mies</pre> from browser ai17872.ai.rug.nl
got a direct path <pre>aap-noot-mies</pre> from browser ai17872.ai.rug.nl
got a direct path <pre>favicon.ico</pre> from browser ai17872.ai.rug.nl
got a direct path <pre>aap-noot-mies</pre> from browser ai17872.ai.rug.nl
got a direct path <pre>aap-noot-mies</pre> from browser ai17872.ai.rug.nl
got a direct path <pre>aap-noot-mies</pre> from browser ai17872.ai.rug.nl
got a direct path <pre>aap-noot-mies</pre> from browser ai17872.ai.rug.nl
got a direct path <pre>cmd=annot&label=eervol</pre> from browser ai17872.ai.rug.nl
got a direct path <pre>cmd?=annot&label=eervol</pre> from browser ai17872.ai.rug.nl
got a direct path <pre>%20cmd=annot&label=eervol</pre> from browser ai17872.ai.rug.nl
got a direct path <pre>?cmd=annot&label=eervol</pre> from browser ai17872.ai.rug.nl
got a direct path <pre></pre> from browser ai17872.ai.rug.nl
got a direct path <pre></pre> from browser ai17872.ai.rug.nl
got a direct path <pre>Cache-Control:</pre> from browser ai17872.ai.rug.nl
got a direct path <pre>Cache-Control:</pre> from browser ai17872.ai.rug.nl
got a direct path <pre>Cookie:</pre> from browser ai17872.ai.rug.nl
got a direct path <pre>Cookie:</pre> from browser ai17872.ai.rug.nl
got a direct path <pre>Cache-Control:</pre> from browser ai17872.ai.rug.nl
got a direct path <pre>Cache-Control:</pre> from browser ai17872.ai.rug.nl
got a direct path <pre>Cookie:</pre> from browser ai17872.ai.rug.nl
